
Sat Jul 04 2015 10:26:32 GMT+0100 (WEST)

Operating System
  Name                        = Mac OS X
  Version                     = 10.10.3
  Architecture                = 64bit
  # CPUs                      = 4
  Memory                      = 8589934592

Node.js
  Node.js Version             = 0.10.35
  npm Version                 = 1.4.28

Titanium CLI
  CLI Version                 = 4.0.1

Titanium SDK
  SDK Version                 = 4.0.1.v20150529150210
  SDK Path                    = /Users/fuerst/Library/Application Support/Titanium/mobilesdk/osx/4.0.1.v20150529150210
  Target Platform             = iphone

Command
  /usr/local/bin/node /Users/fuerst/.appcelerator/install/4.0.2/package/node_modules/appc-cli-titanium/node_modules/titanium/bin/titanium build --platform iphone --log-level trace --sdk 4.0.1.v20150529150210 --project-dir /Users/fuerst/Documents/Appcelerator_Studio_Workspace/Freifunker --target simulator --ios-version 8.3 --device-family universal --deploy-type development --sim-type iphone --sim-version 8.3 --device-id 73498900-50E7-46F7-BA5C-E70B730AEDB4 --skip-js-minify --no-colors --no-progress-bars --no-prompt --prompt-type socket-bundle --prompt-port 57754 --config-file /var/folders/25/yvdn9h053sv3htdkzq8558k40000gn/T/build-1436001988278.json --no-banner

[DEBUG]  Detecting modules in /Users/fuerst/Library/Application Support/Titanium/modules
[DEBUG]  Detected android module: analytics.google 1.0 @ /Users/fuerst/Library/Application Support/Titanium/modules/android/analytics.google/1.0
[DEBUG]  Detected android module: bencoding.alarmmanager 0.11 @ /Users/fuerst/Library/Application Support/Titanium/modules/android/bencoding.alarmmanager/0.11
[DEBUG]  Detected android module: bencoding.alarmmanager 0.123 @ /Users/fuerst/Library/Application Support/Titanium/modules/android/bencoding.alarmmanager/0.123
[DEBUG]  Detected android module: bencoding.alarmmanager 0.123RAI @ /Users/fuerst/Library/Application Support/Titanium/modules/android/bencoding.alarmmanager/0.123RAI
[DEBUG]  Detected android module: bencoding.alarmmanager 0.13 @ /Users/fuerst/Library/Application Support/Titanium/modules/android/bencoding.alarmmanager/0.13
[DEBUG]  Detected android module: bencoding.android.tools 0.31 @ /Users/fuerst/Library/Application Support/Titanium/modules/android/bencoding.android.tools/0.31
[DEBUG]  Detected android module: bencoding.blur 0.1 @ /Users/fuerst/Library/Application Support/Titanium/modules/android/bencoding.blur/0.1
[DEBUG]  Detected android module: co.il.webe.speechrecognizer 1.0 @ /Users/fuerst/Library/Application Support/Titanium/modules/android/co.il.webe.speechrecognizer/1.0
[DEBUG]  Detected android module: com.alcoapps.actionbarextras 1.3.0 @ /Users/fuerst/Library/Application Support/Titanium/modules/android/com.alcoapps.actionbarextras/1.3.0
[DEBUG]  Detected android module: com.alcoapps.actionbarextras 1.4.1 @ /Users/fuerst/Library/Application Support/Titanium/modules/android/com.alcoapps.actionbarextras/1.4.1
[DEBUG]  Detected android module: com.alcoapps.actionbarextras 1.6.1 @ /Users/fuerst/Library/Application Support/Titanium/modules/android/com.alcoapps.actionbarextras/1.6.1
[DEBUG]  Detected android module: com.appcelerator.apm 1.1.1 @ /Users/fuerst/Library/Application Support/Titanium/modules/android/com.appcelerator.apm/1.1.1
[DEBUG]  Detected android module: com.gbaldera.titouchgallery 1.1 @ /Users/fuerst/Library/Application Support/Titanium/modules/android/com.gbaldera.titouchgallery/1.1
[DEBUG]  Detected android module: com.gbaldera.titouchgallery 1.2 @ /Users/fuerst/Library/Application Support/Titanium/modules/android/com.gbaldera.titouchgallery/1.2
[DEBUG]  Detected android module: com.googlecode.quicktigame2d 1.0 @ /Users/fuerst/Library/Application Support/Titanium/modules/android/com.googlecode.quicktigame2d/1.0
[DEBUG]  Detected android module: com.ionrod.accountmanager 1.0.0 @ /Users/fuerst/Library/Application Support/Titanium/modules/android/com.ionrod.accountmanager/1.0.0
[DEBUG]  Detected android module: com.liferay.beacons 0.1 @ /Users/fuerst/Library/Application Support/Titanium/modules/android/com.liferay.beacons/0.1
[DEBUG]  Detected android module: com.mcongrove.pebble 1.1 @ /Users/fuerst/Library/Application Support/Titanium/modules/android/com.mcongrove.pebble/1.1
[DEBUG]  Detected android module: com.mirasense.scanditsdk 4.3.0 @ /Users/fuerst/Library/Application Support/Titanium/modules/android/com.mirasense.scanditsdk/4.3.0
[DEBUG]  Detected android module: com.navid.tabs 1.0 @ /Users/fuerst/Library/Application Support/Titanium/modules/android/com.navid.tabs/1.0
[DEBUG]  Detected android module: com.rkam.swiperefreshlayout 0.4.1 @ /Users/fuerst/Library/Application Support/Titanium/modules/android/com.rkam.swiperefreshlayout/0.4.1
[DEBUG]  Detected android module: com.tripvi.drawerlayout 1.1.1 @ /Users/fuerst/Library/Application Support/Titanium/modules/android/com.tripvi.drawerlayout/1.1.1
[DEBUG]  Detected android module: com.tripvi.drawerlayout 1.2.2 @ /Users/fuerst/Library/Application Support/Titanium/modules/android/com.tripvi.drawerlayout/1.2.2
[DEBUG]  Detected android module: com.wikitude.ti 4.1.0 @ /Users/fuerst/Library/Application Support/Titanium/modules/android/com.wikitude.ti/4.1.0
[DEBUG]  Detected android module: de.manumaticx.androidflip 1.0.1 @ /Users/fuerst/Library/Application Support/Titanium/modules/android/de.manumaticx.androidflip/1.0.1
[DEBUG]  Detected android module: de.manumaticx.crouton 1.2.3 @ /Users/fuerst/Library/Application Support/Titanium/modules/android/de.manumaticx.crouton/1.2.3
[DEBUG]  Detected android module: de.marcelpociot.circularslider 1.0 @ /Users/fuerst/Library/Application Support/Titanium/modules/android/de.marcelpociot.circularslider/1.0
[DEBUG]  Detected android module: dk.napp.flashlight 1.0 @ /Users/fuerst/Library/Application Support/Titanium/modules/android/dk.napp.flashlight/1.0
[DEBUG]  Detected android module: facebook 3.0.3 @ /Users/fuerst/Library/Application Support/Titanium/modules/android/facebook/3.0.3
[DEBUG]  Detected android module: facebook 4.0.3 @ /Users/fuerst/Library/Application Support/Titanium/modules/android/facebook/4.0.3
[DEBUG]  Detected android module: facebook 4.0.4 @ /Users/fuerst/Library/Application Support/Titanium/modules/android/facebook/4.0.4
[DEBUG]  Detected android module: jp.isisredirect.speechrecognizer 2.0 @ /Users/fuerst/Library/Application Support/Titanium/modules/android/jp.isisredirect.speechrecognizer/2.0
[DEBUG]  Detected android module: jp.isisredirect.speechrecognizer 3.0 @ /Users/fuerst/Library/Application Support/Titanium/modules/android/jp.isisredirect.speechrecognizer/3.0
[DEBUG]  Detected android module: miga.tibeacon 1.6.3 @ /Users/fuerst/Library/Application Support/Titanium/modules/android/miga.tibeacon/1.6.3
[DEBUG]  Detected android module: net.iamyellow.gcmjs 0.2 @ /Users/fuerst/Library/Application Support/Titanium/modules/android/net.iamyellow.gcmjs/0.2
[DEBUG]  Detected android module: net.iamyellow.tiws 0.1 @ /Users/fuerst/Library/Application Support/Titanium/modules/android/net.iamyellow.tiws/0.1
[DEBUG]  Detected android module: org.bcbhh 1.0.0 @ /Users/fuerst/Library/Application Support/Titanium/modules/android/org.bcbhh/1.0.0
[DEBUG]  Detected android module: org.iotashan.TiTouchImageView 1.0.0 @ /Users/fuerst/Library/Application Support/Titanium/modules/android/org.iotashan.titouchimageview/1.0.0
[DEBUG]  Detected android module: org.iotashan.TiTouchImageView 1.0.1 @ /Users/fuerst/Library/Application Support/Titanium/modules/android/org.iotashan.titouchimageview/1.0.1
[DEBUG]  Detected android module: org.mumumu.ti.android.speech 0.3 @ /Users/fuerst/Library/Application Support/Titanium/modules/android/org.mumumu.ti.android.speech/0.3
[DEBUG]  Detected android module: ti.barcode 1.7 @ /Users/fuerst/Library/Application Support/Titanium/modules/android/ti.barcode/1.7
[DEBUG]  Detected android module: ti.barcode 2.3.0 @ /Users/fuerst/Library/Application Support/Titanium/modules/android/ti.barcode/2.3.0
[DEBUG]  Detected android module: ti.cloudpush 2.0.1 @ /Users/fuerst/Library/Application Support/Titanium/modules/android/ti.cloudpush/2.0.1
[DEBUG]  Detected android module: ti.cloudpush 2.0.5 @ /Users/fuerst/Library/Application Support/Titanium/modules/android/ti.cloudpush/2.0.5
[DEBUG]  Detected android module: ti.cloudpush 2.0.7 @ /Users/fuerst/Library/Application Support/Titanium/modules/android/ti.cloudpush/2.0.7
[DEBUG]  Detected android module: ti.cloudpush 2.1.0 @ /Users/fuerst/Library/Application Support/Titanium/modules/android/ti.cloudpush/2.1.0
[DEBUG]  Detected android module: ti.cloudpush 2.2.0 @ /Users/fuerst/Library/Application Support/Titanium/modules/android/ti.cloudpush/2.2.0
[DEBUG]  Detected android module: ti.cloudpush 2.3.0 @ /Users/fuerst/Library/Application Support/Titanium/modules/android/ti.cloudpush/2.3.0
[DEBUG]  Detected android module: ti.cloudpush 2.3.2 @ /Users/fuerst/Library/Application Support/Titanium/modules/android/ti.cloudpush/2.3.2
[DEBUG]  Detected android module: ti.cloudpush 2.3.3 @ /Users/fuerst/Library/Application Support/Titanium/modules/android/ti.cloudpush/2.3.3
[DEBUG]  Detected android module: ti.cloudpush 3.2.0 @ /Users/fuerst/Library/Application Support/Titanium/modules/android/ti.cloudpush/3.2.0
[DEBUG]  Detected android module: ti.cloudpush 3.2.1 @ /Users/fuerst/Library/Application Support/Titanium/modules/android/ti.cloudpush/3.2.1
[DEBUG]  Detected android module: ti.cloudpush 3.3.0 @ /Users/fuerst/Library/Application Support/Titanium/modules/android/ti.cloudpush/3.3.0
[DEBUG]  Detected android module: ti.cloudpush 3.3.4 @ /Users/fuerst/Library/Application Support/Titanium/modules/android/ti.cloudpush/3.3.4
[DEBUG]  Detected android module: ti.cloudpush 3.3.5 @ /Users/fuerst/Library/Application Support/Titanium/modules/android/ti.cloudpush/3.3.5
[DEBUG]  Detected android module: ti.cloudpush 3.3.7 @ /Users/fuerst/Library/Application Support/Titanium/modules/android/ti.cloudpush/3.3.7
[DEBUG]  Detected android module: ti.cloudpush 3.3.8 @ /Users/fuerst/Library/Application Support/Titanium/modules/android/ti.cloudpush/3.3.8
[DEBUG]  Detected android module: ti.compression 1.0 @ /Users/fuerst/Library/Application Support/Titanium/modules/android/ti.compression/1.0
[DEBUG]  Detected android module: ti.compression 2.0 @ /Users/fuerst/Library/Application Support/Titanium/modules/android/ti.compression/2.0
[DEBUG]  Detected android module: ti.draggable 1.2.3 @ /Users/fuerst/Library/Application Support/Titanium/modules/android/ti.draggable/1.2.3
[DEBUG]  Detected android module: ti.draggable 2.0.3 @ /Users/fuerst/Library/Application Support/Titanium/modules/android/ti.draggable/2.0.3
[DEBUG]  Detected android module: ti.expansionfiles 1.0.1 @ /Users/fuerst/Library/Application Support/Titanium/modules/android/ti.expansionfiles/1.0.1
[DEBUG]  Detected android module: ti.flurry 1.2.0 @ /Users/fuerst/Library/Application Support/Titanium/modules/android/ti.flurry/1.2.0
[DEBUG]  Detected android module: ti.ga 1.0.0 @ /Users/fuerst/Library/Application Support/Titanium/modules/android/ti.ga/1.0.0
[DEBUG]  Detected android module: ti.googleanalytics 1.1 @ /Users/fuerst/Library/Application Support/Titanium/modules/android/ti.googleanalytics/1.1
[DEBUG]  Detected android module: ti.imagefactory 2.2.1 @ /Users/fuerst/Library/Application Support/Titanium/modules/android/ti.imagefactory/2.2.1
[DEBUG]  Detected android module: ti.light 0.1 @ /Users/fuerst/Library/Application Support/Titanium/modules/android/ti.light/0.1
[DEBUG]  Detected android module: ti.map 2.1.2 @ /Users/fuerst/Library/Application Support/Titanium/modules/android/ti.map/2.1.2
[DEBUG]  Detected android module: ti.map 2.1.2.nf @ /Users/fuerst/Library/Application Support/Titanium/modules/android/ti.map/2.1.2.nf
[DEBUG]  Detected android module: ti.map 2.1.3 @ /Users/fuerst/Library/Application Support/Titanium/modules/android/ti.map/2.1.3
[DEBUG]  Detected android module: ti.map 2.1.4.fixed @ /Users/fuerst/Library/Application Support/Titanium/modules/android/ti.map/2.1.4.fixed
[DEBUG]  Detected android module: ti.map 2.1.5 @ /Users/fuerst/Library/Application Support/Titanium/modules/android/ti.map/2.1.5
[DEBUG]  Detected android module: ti.map 2.2.2 @ /Users/fuerst/Library/Application Support/Titanium/modules/android/ti.map/2.2.2
[DEBUG]  Detected android module: ti.map 2.2.3 @ /Users/fuerst/Library/Application Support/Titanium/modules/android/ti.map/2.2.3
[DEBUG]  Detected android module: ti.map 2.3.0 @ /Users/fuerst/Library/Application Support/Titanium/modules/android/ti.map/2.3.0
[DEBUG]  Detected android module: ti.map 3.0.0 @ /Users/fuerst/Library/Application Support/Titanium/modules/android/ti.map/3.0.0
[DEBUG]  Detected android module: ti.map 3.0.0.Rai @ /Users/fuerst/Library/Application Support/Titanium/modules/android/ti.map/3.0.0.Rai
[DEBUG]  Detected android module: ti.mely 0.1 @ /Users/fuerst/Library/Application Support/Titanium/modules/android/ti.mely/0.1
[DEBUG]  Detected android module: ti.sq 0.2 @ /Users/fuerst/Library/Application Support/Titanium/modules/android/ti.sq/0.2
[DEBUG]  Detected android module: titutorial.audiorecorder 0.1 @ /Users/fuerst/Library/Application Support/Titanium/modules/android/titutorial.audiorecorder/0.1
[DEBUG]  Detected android module: titutorial.ratingbar 0.1 @ /Users/fuerst/Library/Application Support/Titanium/modules/android/titutorial.ratingbar/0.1
[DEBUG]  Detected android module: titutorial.youtubeplayer 0.1 @ /Users/fuerst/Library/Application Support/Titanium/modules/android/titutorial.youtubeplayer/0.1
[DEBUG]  Detected android module: yy.tidialogs 0.3 @ /Users/fuerst/Library/Application Support/Titanium/modules/android/yy.tidialogs/0.3
[DEBUG]  Detected android module: yy.tidialogs 0.4 @ /Users/fuerst/Library/Application Support/Titanium/modules/android/yy.tidialogs/0.4
[DEBUG]  Detected commonjs module: com.baqend.js-sdk 0.9.3-SNAPSHOT @ /Users/fuerst/Library/Application Support/Titanium/modules/commonjs/com.baqend.js-sdk/0.9.3-SNAPSHOT
[DEBUG]  Detected commonjs module: org.favo.promise 1.0.0 @ /Users/fuerst/Library/Application Support/Titanium/modules/commonjs/org.favo.promise/1.0.0
[DEBUG]  Detected commonjs module: superagent 0.7.0 @ /Users/fuerst/Library/Application Support/Titanium/modules/commonjs/superagent/0.7.0
[DEBUG]  Detected commonjs module: ti.cloud 2.3.0 @ /Users/fuerst/Library/Application Support/Titanium/modules/commonjs/ti.cloud/2.3.0
[DEBUG]  Detected commonjs module: ti.cloud 2.3.7 @ /Users/fuerst/Library/Application Support/Titanium/modules/commonjs/ti.cloud/2.3.7
[DEBUG]  Detected commonjs module: ti.cloud 3.2.0 @ /Users/fuerst/Library/Application Support/Titanium/modules/commonjs/ti.cloud/3.2.0
[DEBUG]  Detected commonjs module: ti.cloud 3.2.1 @ /Users/fuerst/Library/Application Support/Titanium/modules/commonjs/ti.cloud/3.2.1
[DEBUG]  Detected commonjs module: ti.cloud 3.2.3 @ /Users/fuerst/Library/Application Support/Titanium/modules/commonjs/ti.cloud/3.2.3
[DEBUG]  Detected commonjs module: ti.cloud 3.2.5 @ /Users/fuerst/Library/Application Support/Titanium/modules/commonjs/ti.cloud/3.2.5
[DEBUG]  Detected commonjs module: ti.cloud 3.2.7 @ /Users/fuerst/Library/Application Support/Titanium/modules/commonjs/ti.cloud/3.2.7
[DEBUG]  Detected commonjs module: ti.cloud 3.2.8 @ /Users/fuerst/Library/Application Support/Titanium/modules/commonjs/ti.cloud/3.2.8
[DEBUG]  Detected commonjs module: ti.js2xml 0.1.4 @ /Users/fuerst/Library/Application Support/Titanium/modules/commonjs/ti.js2xml/0.1.4
[DEBUG]  Detected commonjs module: tinkerforge 2.0.2 @ /Users/fuerst/Library/Application Support/Titanium/modules/commonjs/tinkerforge/2.0.2
[DEBUG]  Detected iphone module: ag.calendar 1.2.8 @ /Users/fuerst/Library/Application Support/Titanium/modules/iphone/ag.calendar/1.2.8
[DEBUG]  Detected iphone module: analytics.google 1.0 @ /Users/fuerst/Library/Application Support/Titanium/modules/iphone/analytics.google/1.0
[DEBUG]  Detected iphone module: BCB.bonjourService 1.0.0 @ /Users/fuerst/Library/Application Support/Titanium/modules/iphone/bcb.bonjourservice/1.0.0
[DEBUG]  Detected iphone module: BCB.bonjourService 1.0.1 @ /Users/fuerst/Library/Application Support/Titanium/modules/iphone/bcb.bonjourservice/1.0.1
[DEBUG]  Detected iphone module: BCB.bonjourService 1.0.2 @ /Users/fuerst/Library/Application Support/Titanium/modules/iphone/bcb.bonjourservice/1.0.2
[DEBUG]  Detected iphone module: BCB.bonjourService 1.0.3 @ /Users/fuerst/Library/Application Support/Titanium/modules/iphone/bcb.bonjourservice/1.0.3
[DEBUG]  Detected iphone module: BCB.bonjourService 1.0.4 @ /Users/fuerst/Library/Application Support/Titanium/modules/iphone/bcb.bonjourservice/1.0.4
[DEBUG]  Detected iphone module: be.k0suke.tiisrefreshcontrol 0.2 @ /Users/fuerst/Library/Application Support/Titanium/modules/iphone/be.k0suke.tiisrefreshcontrol/0.2
[DEBUG]  Detected iphone module: bencoding.dictionary 1.2.1 @ /Users/fuerst/Library/Application Support/Titanium/modules/iphone/bencoding.dictionary/1.2.1
[DEBUG]  Detected iphone module: bencoding.localnotify 0.44 @ /Users/fuerst/Library/Application Support/Titanium/modules/iphone/bencoding.localnotify/0.44
[DEBUG]  Detected iphone module: bencoding.localnotify 0.45 @ /Users/fuerst/Library/Application Support/Titanium/modules/iphone/bencoding.localnotify/0.45
[DEBUG]  Detected iphone module: com.0x82.sharekit 0.3 @ /Users/fuerst/Library/Application Support/Titanium/modules/iphone/com.0x82.sharekit/0.3
[DEBUG]  Detected iphone module: com.0x82.sharekit 0.4 @ /Users/fuerst/Library/Application Support/Titanium/modules/iphone/com.0x82.sharekit/0.4
[DEBUG]  Detected iphone module: com.apaladini.devicemodel 0.1 @ /Users/fuerst/Library/Application Support/Titanium/modules/iphone/com.apaladini.devicemodel/0.1
[DEBUG]  Detected iphone module: com.appcelerator.apm 1.1.1 @ /Users/fuerst/Library/Application Support/Titanium/modules/iphone/com.appcelerator.apm/1.1.1
[DEBUG]  Detected iphone module: com.appcelerator.urlSession 1.0.0 @ /Users/fuerst/Library/Application Support/Titanium/modules/iphone/com.appcelerator.urlSession/1.0.0
[DEBUG]  Detected iphone module: com.appcelerator.urlSession 1.0.1 @ /Users/fuerst/Library/Application Support/Titanium/modules/iphone/com.appcelerator.urlSession/1.0.1
[DEBUG]  Detected iphone module: com.appcelerator.urlSession 1.1.0 @ /Users/fuerst/Library/Application Support/Titanium/modules/iphone/com.appcelerator.urlSession/1.1.0
[DEBUG]  Detected iphone module: com.appcelerator.urlSession 1.1.1 @ /Users/fuerst/Library/Application Support/Titanium/modules/iphone/com.appcelerator.urlSession/1.1.1
[DEBUG]  Detected iphone module: com.appmodulator.offline 1.3 @ /Users/fuerst/Library/Application Support/Titanium/modules/iphone/com.appmodulator.offline/1.3
[DEBUG]  Detected iphone module: com.googlecode.quicktigame2d 1.0 @ /Users/fuerst/Library/Application Support/Titanium/modules/iphone/com.googlecode.quicktigame2d/1.0
[DEBUG]  Detected iphone module: com.infinery.pageflip 1.0 @ /Users/fuerst/Library/Application Support/Titanium/modules/iphone/com.infinery.pageflip/1.0
[DEBUG]  Detected iphone module: com.kuchbee.quickpdf 2.0 @ /Users/fuerst/Library/Application Support/Titanium/modules/iphone/com.kuchbee.quickpdf/2.0
[DEBUG]  Detected iphone module: com.mcongrove.pebble 1.1 @ /Users/fuerst/Library/Application Support/Titanium/modules/iphone/com.mcongrove.pebble/1.1
[DEBUG]  Detected iphone module: com.mfogg.squarecamera 0.7 @ /Users/fuerst/Library/Application Support/Titanium/modules/iphone/com.mfogg.squarecamera/0.7
[DEBUG]  Detected iphone module: com.mirasense.scanditsdk 4.3.0 @ /Users/fuerst/Library/Application Support/Titanium/modules/iphone/com.mirasense.scanditsdk/4.3.0
[DEBUG]  Detected iphone module: com.obscure.ticarousel 1.2 @ /Users/fuerst/Library/Application Support/Titanium/modules/iphone/com.obscure.ticarousel/1.2
[DEBUG]  Detected iphone module: com.omorandi 0.2 @ /Users/fuerst/Library/Application Support/Titanium/modules/iphone/com.omorandi/0.2
[DEBUG]  Detected iphone module: com.polancomedia.mapbox 0.4 @ /Users/fuerst/Library/Application Support/Titanium/modules/iphone/com.polancomedia.mapbox/0.4
[DEBUG]  Detected iphone module: com.pspdfkit 3.5.0 @ /Users/fuerst/Library/Application Support/Titanium/modules/iphone/com.pspdfkit/3.5.0
[DEBUG]  Detected iphone module: com.ti.calendar 0.1 @ /Users/fuerst/Library/Application Support/Titanium/modules/iphone/com.ti.calendar/0.1
[DEBUG]  Detected iphone module: com.wikitude.ti 4.1.0 @ /Users/fuerst/Library/Application Support/Titanium/modules/iphone/com.wikitude.ti/4.1.0
[DEBUG]  Detected iphone module: com.yydigital.tintswitch 0.2.1 @ /Users/fuerst/Library/Application Support/Titanium/modules/iphone/com.yydigital.tintswitch/0.2.1
[DEBUG]  Detected iphone module: de.appwerft.sqlitemirror 1.0.0 @ /Users/fuerst/Library/Application Support/Titanium/modules/iphone/de.appwerft.sqlitemirror/1.0.0
[DEBUG]  Detected iphone module: de.appwerft.testjsmodule 1.0.0 @ /Users/fuerst/Library/Application Support/Titanium/modules/iphone/de.appwerft.testjsmodule/1.0.0
[DEBUG]  Detected iphone module: de.appwerft.view360 1.0.0 @ /Users/fuerst/Library/Application Support/Titanium/modules/iphone/de.appwerft.view360/1.0.0
[DEBUG]  Detected iphone module: de.marcelpociot.circularprogress 1.1 @ /Users/fuerst/Library/Application Support/Titanium/modules/iphone/de.marcelpociot.circularprogress/1.1
[DEBUG]  Detected iphone module: de.marcelpociot.circularslider 1.1.0 @ /Users/fuerst/Library/Application Support/Titanium/modules/iphone/de.marcelpociot.circularslider/1.1.0
[DEBUG]  Detected iphone module: de.marcelpociot.transitioncontroller 1.0.0 @ /Users/fuerst/Library/Application Support/Titanium/modules/iphone/de.marcelpociot.transitioncontroller/1.0.0
[DEBUG]  Detected iphone module: dk.napp.drawer 1.1.6 @ /Users/fuerst/Library/Application Support/Titanium/modules/iphone/dk.napp.drawer/1.1.6
[DEBUG]  Detected iphone module: dk.napp.imageview 1.0.1 @ /Users/fuerst/Library/Application Support/Titanium/modules/iphone/dk.napp.imageview/1.0.1
[DEBUG]  Detected iphone module: dk.napp.slidemenu 1.4.2 @ /Users/fuerst/Library/Application Support/Titanium/modules/iphone/dk.napp.slidemenu/1.4.2
[DEBUG]  Detected iphone module: dk.napp.social 1.7.9 @ /Users/fuerst/Library/Application Support/Titanium/modules/iphone/dk.napp.social/1.7.9
[DEBUG]  Detected iphone module: dk.napp.ui 1.2.3 @ /Users/fuerst/Library/Application Support/Titanium/modules/iphone/dk.napp.ui/1.2.3
[DEBUG]  Detected iphone module: facebook 3.1.1 @ /Users/fuerst/Library/Application Support/Titanium/modules/iphone/facebook/3.1.1
[DEBUG]  Detected iphone module: facebook 3.1.2 @ /Users/fuerst/Library/Application Support/Titanium/modules/iphone/facebook/3.1.2
[DEBUG]  Detected iphone module: facebook 3.2.0 @ /Users/fuerst/Library/Application Support/Titanium/modules/iphone/facebook/3.2.0
[DEBUG]  Detected iphone module: facebook 4.0.0 @ /Users/fuerst/Library/Application Support/Titanium/modules/iphone/facebook/4.0.0
[DEBUG]  Detected iphone module: facebook 4.0.3 @ /Users/fuerst/Library/Application Support/Titanium/modules/iphone/facebook/4.0.3
[DEBUG]  Detected iphone module: facebook 4.0.4 @ /Users/fuerst/Library/Application Support/Titanium/modules/iphone/facebook/4.0.4
[DEBUG]  Detected iphone module: me.izen.tabbar 1.0 @ /Users/fuerst/Library/Application Support/Titanium/modules/iphone/me.izen.tabbar/1.0
[DEBUG]  Detected iphone module: net.iamyellow.tiws 0.3 @ /Users/fuerst/Library/Application Support/Titanium/modules/iphone/net.iamyellow.tiws/0.3
[DEBUG]  Detected iphone module: net.iamyellow.tiws 0.5 @ /Users/fuerst/Library/Application Support/Titanium/modules/iphone/net.iamyellow.tiws/0.5
[DEBUG]  Detected iphone module: org.bcbhh.iosflipview 1.0.12 @ /Users/fuerst/Library/Application Support/Titanium/modules/iphone/org.bcbhh.iosflipview/1.0.12
[DEBUG]  Detected iphone module: org.bcbhh.iosflipview 1.0.13 @ /Users/fuerst/Library/Application Support/Titanium/modules/iphone/org.bcbhh.iosflipview/1.0.13
[DEBUG]  Detected iphone module: org.beuckman.tibeacons 0.82 @ /Users/fuerst/Library/Application Support/Titanium/modules/iphone/org.beuckman.tibeacons/0.82
[DEBUG]  Detected iphone module: path.animator 1.0 @ /Users/fuerst/Library/Application Support/Titanium/modules/iphone/path.animator/1.0
[DEBUG]  Detected iphone module: ti.airprint 1.2 @ /Users/fuerst/Library/Application Support/Titanium/modules/iphone/ti.airprint/1.2
[DEBUG]  Detected iphone module: ti.barcode 1.8.1 @ /Users/fuerst/Library/Application Support/Titanium/modules/iphone/ti.barcode/1.8.1
[DEBUG]  Detected iphone module: ti.box2d 0.9 @ /Users/fuerst/Library/Application Support/Titanium/modules/iphone/ti.box2d/0.9
[DEBUG]  Detected iphone module: ti.charts 1.4 @ /Users/fuerst/Library/Application Support/Titanium/modules/iphone/ti.charts/1.4
[DEBUG]  Detected iphone module: ti.columns 1.2 @ /Users/fuerst/Library/Application Support/Titanium/modules/iphone/ti.columns/1.2
[DEBUG]  Detected iphone module: ti.compression 1.0 @ /Users/fuerst/Library/Application Support/Titanium/modules/iphone/ti.compression/1.0
[DEBUG]  Detected iphone module: ti.coremotion 1.0.1 @ /Users/fuerst/Library/Application Support/Titanium/modules/iphone/ti.coremotion/1.0.1
[DEBUG]  Detected iphone module: ti.coremotion 1.1.0 @ /Users/fuerst/Library/Application Support/Titanium/modules/iphone/ti.coremotion/1.1.0
[DEBUG]  Detected iphone module: ti.draggable 2.0.4 @ /Users/fuerst/Library/Application Support/Titanium/modules/iphone/ti.draggable/2.0.4
[DEBUG]  Detected iphone module: ti.flurry 1.5 @ /Users/fuerst/Library/Application Support/Titanium/modules/iphone/ti.flurry/1.5
[DEBUG]  Detected iphone module: ti.ga 1.0.1 @ /Users/fuerst/Library/Application Support/Titanium/modules/iphone/ti.ga/1.0.1
[DEBUG]  Detected iphone module: ti.gamekit 1.4 @ /Users/fuerst/Library/Application Support/Titanium/modules/iphone/ti.gamekit/1.4
[DEBUG]  Detected iphone module: ti.googleanalytics 1.2 @ /Users/fuerst/Library/Application Support/Titanium/modules/iphone/ti.googleanalytics/1.2
[DEBUG]  Detected iphone module: ti.googleanalytics 1.4 @ /Users/fuerst/Library/Application Support/Titanium/modules/iphone/ti.googleanalytics/1.4
[DEBUG]  Detected iphone module: ti.imagefactory 1.1 @ /Users/fuerst/Library/Application Support/Titanium/modules/iphone/ti.imagefactory/1.1
[DEBUG]  Detected iphone module: ti.light 0.1 @ /Users/fuerst/Library/Application Support/Titanium/modules/iphone/ti.light/0.1
[DEBUG]  Detected iphone module: ti.map 2.2.0 @ /Users/fuerst/Library/Application Support/Titanium/modules/iphone/ti.map/2.2.0
[DEBUG]  Detected iphone module: ti.map 2.2.1 @ /Users/fuerst/Library/Application Support/Titanium/modules/iphone/ti.map/2.2.1
[DEBUG]  Detected iphone module: ti.map 2.2.2 @ /Users/fuerst/Library/Application Support/Titanium/modules/iphone/ti.map/2.2.2
[DEBUG]  Detected iphone module: ti.mely 0.1 @ /Users/fuerst/Library/Application Support/Titanium/modules/iphone/ti.mely/0.1
[DEBUG]  Detected iphone module: ti.pageflip 1.8.3 @ /Users/fuerst/Library/Application Support/Titanium/modules/iphone/ti.pageflip/1.8.3
[DEBUG]  Detected iphone module: ti.paint 1.0 @ /Users/fuerst/Library/Application Support/Titanium/modules/iphone/ti.paint/1.0
[DEBUG]  Detected iphone module: ti.paint 1.1 @ /Users/fuerst/Library/Application Support/Titanium/modules/iphone/ti.paint/1.1
[DEBUG]  Detected iphone module: ti.paint 1.3 @ /Users/fuerst/Library/Application Support/Titanium/modules/iphone/ti.paint/1.3
[DEBUG]  Detected iphone module: ti.paypal 1.3 @ /Users/fuerst/Library/Application Support/Titanium/modules/iphone/ti.paypal/1.3
[DEBUG]  Detected iphone module: ti.quicklook 1.2 @ /Users/fuerst/Library/Application Support/Titanium/modules/iphone/ti.quicklook/1.2
[DEBUG]  Detected iphone module: ti.sms 1.0 @ /Users/fuerst/Library/Application Support/Titanium/modules/iphone/ti.sms/1.0
[DEBUG]  Detected iphone module: ti.soundsampler 1.0 @ /Users/fuerst/Library/Application Support/Titanium/modules/iphone/ti.soundsampler/1.0
[DEBUG]  Detected iphone module: ti.sq 0.4 @ /Users/fuerst/Library/Application Support/Titanium/modules/iphone/ti.sq/0.4
[DEBUG]  Detected iphone module: ti.storekit 1.2 @ /Users/fuerst/Library/Application Support/Titanium/modules/iphone/ti.storekit/1.2
[DEBUG]  Detected iphone module: ti.styledlabel 1.5.1 @ /Users/fuerst/Library/Application Support/Titanium/modules/iphone/ti.styledlabel/1.5.1
[DEBUG]  Detected iphone module: ti.touchid 1.0 @ /Users/fuerst/Library/Application Support/Titanium/modules/iphone/ti.touchid/1.0
[DEBUG]  Detected iphone module: ti.touchid 1.1.0 @ /Users/fuerst/Library/Application Support/Titanium/modules/iphone/ti.touchid/1.1.0
[DEBUG]  Detected iphone module: ti.tvout 1.1 @ /Users/fuerst/Library/Application Support/Titanium/modules/iphone/ti.tvout/1.1
[DEBUG]  Detected iphone module: tibar 0.4.1 @ /Users/fuerst/Library/Application Support/Titanium/modules/iphone/tibar/0.4.1
[DEBUG]  Detected iphone module: tibar 0.4.2 @ /Users/fuerst/Library/Application Support/Titanium/modules/iphone/tibar/0.4.2
[DEBUG]  Detected tizen module: tizen 3.0.0 @ /Users/fuerst/Library/Application Support/Titanium/modules/tizen/tizen/3.0.0
[DEBUG]  No project level plugins to load
[DEBUG]  Titanium SDK iOS directory: /Users/fuerst/Library/Application Support/Titanium/mobilesdk/osx/4.0.1.v20150529150210/iphone
[INFO]   Deploy type: development
[INFO]   Building for target: simulator
[INFO]   Building using iOS SDK: 8.3
[INFO]   Building for iOS Simulator: iPhone 6
[DEBUG]  UDID: 73498900-50E7-46F7-BA5C-E70B730AEDB4
[DEBUG]  Simulator type: iphone
[DEBUG]  Simulator version: 8.3
[INFO]   Building for device family: universal
[DEBUG]  Setting Xcode target to Debug
[DEBUG]  Setting Xcode build OS to iphonesimulator8.3
[DEBUG]  Xcode installation: /Applications/Xcode.app/Contents/Developer
[DEBUG]  iOS WWDR certificate: installed
[INFO]   Minimum iOS version: 7.0
[INFO]   Debugging disabled
[INFO]   Profiler disabled
[INFO]   Initiating prepare phase
[DEBUG]  Setting Info.plist CFBundleVersion to 1.0.1
[DEBUG]  Setting Info.plist CFBundleShortVersionString to 1.0.1
[DEBUG]  Copying /Users/fuerst/Documents/Appcelerator_Studio_Workspace/Freifunker/Resources/iphone/appicon.png => /Users/fuerst/Documents/Appcelerator_Studio_Workspace/Freifunker/build/iphone/build/Debug-iphonesimulator/Freifunker.app/appicon.png
[INFO]   Initiating Xcode pre-compile phase
[DEBUG]  Ignoring /Users/fuerst/Documents/Appcelerator_Studio_Workspace/Freifunker/Resources/.DS_Store
[DEBUG]  Ignoring /Users/fuerst/Documents/Appcelerator_Studio_Workspace/Freifunker/Resources/adapter/.DS_Store
[DEBUG]  Ignoring /Users/fuerst/Documents/Appcelerator_Studio_Workspace/Freifunker/Resources/android
[DEBUG]  Ignoring /Users/fuerst/Documents/Appcelerator_Studio_Workspace/Freifunker/Resources/iphone
[DEBUG]  Ignoring /Users/fuerst/Documents/Appcelerator_Studio_Workspace/Freifunker/Resources/vendor/.DS_Store
[DEBUG]  Copying /Users/fuerst/Documents/Appcelerator_Studio_Workspace/Freifunker/Resources/iphone/Default-568h@2x.png => /Users/fuerst/Documents/Appcelerator_Studio_Workspace/Freifunker/build/iphone/build/Debug-iphonesimulator/Freifunker.app/Default-568h@2x.png
[DEBUG]  Copying /Users/fuerst/Documents/Appcelerator_Studio_Workspace/Freifunker/Resources/iphone/Default-667h@2x.png => /Users/fuerst/Documents/Appcelerator_Studio_Workspace/Freifunker/build/iphone/build/Debug-iphonesimulator/Freifunker.app/Default-667h@2x.png
[DEBUG]  Copying /Users/fuerst/Documents/Appcelerator_Studio_Workspace/Freifunker/Resources/iphone/Default-Landscape-736h@3x.png => /Users/fuerst/Documents/Appcelerator_Studio_Workspace/Freifunker/build/iphone/build/Debug-iphonesimulator/Freifunker.app/Default-Landscape-736h@3x.png
[DEBUG]  Copying /Users/fuerst/Documents/Appcelerator_Studio_Workspace/Freifunker/Resources/iphone/Default-Landscape.png => /Users/fuerst/Documents/Appcelerator_Studio_Workspace/Freifunker/build/iphone/build/Debug-iphonesimulator/Freifunker.app/Default-Landscape.png
[DEBUG]  Copying /Users/fuerst/Documents/Appcelerator_Studio_Workspace/Freifunker/Resources/iphone/Default-Landscape@2x.png => /Users/fuerst/Documents/Appcelerator_Studio_Workspace/Freifunker/build/iphone/build/Debug-iphonesimulator/Freifunker.app/Default-Landscape@2x.png
[DEBUG]  Copying /Users/fuerst/Documents/Appcelerator_Studio_Workspace/Freifunker/Resources/iphone/Default-Portrait-736h@3x.png => /Users/fuerst/Documents/Appcelerator_Studio_Workspace/Freifunker/build/iphone/build/Debug-iphonesimulator/Freifunker.app/Default-Portrait-736h@3x.png
[DEBUG]  Copying /Users/fuerst/Documents/Appcelerator_Studio_Workspace/Freifunker/Resources/iphone/Default-Portrait.png => /Users/fuerst/Documents/Appcelerator_Studio_Workspace/Freifunker/build/iphone/build/Debug-iphonesimulator/Freifunker.app/Default-Portrait.png
[DEBUG]  Copying /Users/fuerst/Documents/Appcelerator_Studio_Workspace/Freifunker/Resources/iphone/Default-Portrait@2x.png => /Users/fuerst/Documents/Appcelerator_Studio_Workspace/Freifunker/build/iphone/build/Debug-iphonesimulator/Freifunker.app/Default-Portrait@2x.png
[DEBUG]  Copying /Users/fuerst/Documents/Appcelerator_Studio_Workspace/Freifunker/Resources/iphone/Default.png => /Users/fuerst/Documents/Appcelerator_Studio_Workspace/Freifunker/build/iphone/build/Debug-iphonesimulator/Freifunker.app/Default.png
[DEBUG]  Copying /Users/fuerst/Documents/Appcelerator_Studio_Workspace/Freifunker/Resources/iphone/Default@2x.png => /Users/fuerst/Documents/Appcelerator_Studio_Workspace/Freifunker/build/iphone/build/Debug-iphonesimulator/Freifunker.app/Default@2x.png
[DEBUG]  Copying /Users/fuerst/Documents/Appcelerator_Studio_Workspace/Freifunker/Resources/iphone/appicon.png => /Users/fuerst/Documents/Appcelerator_Studio_Workspace/Freifunker/build/iphone/build/Debug-iphonesimulator/Freifunker.app/appicon.png
[INFO]   Processing JavaScript files
[DEBUG]  Symlinking /Users/fuerst/Documents/Appcelerator_Studio_Workspace/Freifunker/Resources/adapter/freifunk.js => /Users/fuerst/Documents/Appcelerator_Studio_Workspace/Freifunker/build/iphone/build/Debug-iphonesimulator/Freifunker.app/adapter/freifunk.js
[DEBUG]  Symlinking /Users/fuerst/Documents/Appcelerator_Studio_Workspace/Freifunker/Resources/app.js => /Users/fuerst/Documents/Appcelerator_Studio_Workspace/Freifunker/build/iphone/build/Debug-iphonesimulator/Freifunker.app/app.js
[DEBUG]  Symlinking /Users/fuerst/Documents/Appcelerator_Studio_Workspace/Freifunker/Resources/model/urls.js => /Users/fuerst/Documents/Appcelerator_Studio_Workspace/Freifunker/build/iphone/build/Debug-iphonesimulator/Freifunker.app/model/urls.js
[DEBUG]  Symlinking /Users/fuerst/Documents/Appcelerator_Studio_Workspace/Freifunker/Resources/vendor/XMLTools.js => /Users/fuerst/Documents/Appcelerator_Studio_Workspace/Freifunker/build/iphone/build/Debug-iphonesimulator/Freifunker.app/vendor/XMLTools.js
[DEBUG]  Symlinking /Users/fuerst/Documents/Appcelerator_Studio_Workspace/Freifunker/Resources/vendor/cachedimage.js => /Users/fuerst/Documents/Appcelerator_Studio_Workspace/Freifunker/build/iphone/build/Debug-iphonesimulator/Freifunker.app/vendor/cachedimage.js
[DEBUG]  Symlinking /Users/fuerst/Documents/Appcelerator_Studio_Workspace/Freifunker/Resources/vendor/decodePolyline.js => /Users/fuerst/Documents/Appcelerator_Studio_Workspace/Freifunker/build/iphone/build/Debug-iphonesimulator/Freifunker.app/vendor/decodePolyline.js
[DEBUG]  Symlinking /Users/fuerst/Documents/Appcelerator_Studio_Workspace/Freifunker/Resources/vendor/gcmjs.js => /Users/fuerst/Documents/Appcelerator_Studio_Workspace/Freifunker/build/iphone/build/Debug-iphonesimulator/Freifunker.app/vendor/gcmjs.js
[DEBUG]  Symlinking /Users/fuerst/Documents/Appcelerator_Studio_Workspace/Freifunker/Resources/vendor/georoute.js => /Users/fuerst/Documents/Appcelerator_Studio_Workspace/Freifunker/build/iphone/build/Debug-iphonesimulator/Freifunker.app/vendor/georoute.js
[DEBUG]  Symlinking /Users/fuerst/Documents/Appcelerator_Studio_Workspace/Freifunker/Resources/vendor/gk2geo.js => /Users/fuerst/Documents/Appcelerator_Studio_Workspace/Freifunker/build/iphone/build/Debug-iphonesimulator/Freifunker.app/vendor/gk2geo.js
[DEBUG]  Symlinking /Users/fuerst/Documents/Appcelerator_Studio_Workspace/Freifunker/Resources/vendor/gms.test.js => /Users/fuerst/Documents/Appcelerator_Studio_Workspace/Freifunker/build/iphone/build/Debug-iphonesimulator/Freifunker.app/vendor/gms.test.js
[DEBUG]  Symlinking /Users/fuerst/Documents/Appcelerator_Studio_Workspace/Freifunker/Resources/vendor/map.dialog.js => /Users/fuerst/Documents/Appcelerator_Studio_Workspace/Freifunker/build/iphone/build/Debug-iphonesimulator/Freifunker.app/vendor/map.dialog.js
[DEBUG]  Symlinking /Users/fuerst/Documents/Appcelerator_Studio_Workspace/Freifunker/Resources/vendor/markermanager.js => /Users/fuerst/Documents/Appcelerator_Studio_Workspace/Freifunker/build/iphone/build/Debug-iphonesimulator/Freifunker.app/vendor/markermanager.js
[DEBUG]  Symlinking /Users/fuerst/Documents/Appcelerator_Studio_Workspace/Freifunker/Resources/vendor/moment.js => /Users/fuerst/Documents/Appcelerator_Studio_Workspace/Freifunker/build/iphone/build/Debug-iphonesimulator/Freifunker.app/vendor/moment.js
[DEBUG]  Symlinking /Users/fuerst/Documents/Appcelerator_Studio_Workspace/Freifunker/Resources/vendor/rating.reminder.js => /Users/fuerst/Documents/Appcelerator_Studio_Workspace/Freifunker/build/iphone/build/Debug-iphonesimulator/Freifunker.app/vendor/rating.reminder.js
[DEBUG]  Symlinking /Users/fuerst/Documents/Appcelerator_Studio_Workspace/Freifunker/Resources/vendor/retrieve.devicetoken.js => /Users/fuerst/Documents/Appcelerator_Studio_Workspace/Freifunker/build/iphone/build/Debug-iphonesimulator/Freifunker.app/vendor/retrieve.devicetoken.js
[DEBUG]  Symlinking /Users/fuerst/Documents/Appcelerator_Studio_Workspace/Freifunker/Resources/vendor/versionsreminder.js => /Users/fuerst/Documents/Appcelerator_Studio_Workspace/Freifunker/build/iphone/build/Debug-iphonesimulator/Freifunker.app/vendor/versionsreminder.js
[INFO]   Processing Titanium namespace resources
[DEBUG]  Copying /Users/fuerst/Library/Application Support/Titanium/mobilesdk/osx/4.0.1.v20150529150210/iphone/modules/ui/images => /Users/fuerst/Documents/Appcelerator_Studio_Workspace/Freifunker/build/iphone/build/Debug-iphonesimulator/Freifunker.app/modules/ui/images
[INFO]   Skipping xcodebuild
[INFO]   Finished building the application in 541ms
[INFO]   Launching iOS Simulator
[DEBUG]  [ioslib] Removing old log file: /Users/fuerst/Library/Developer/CoreSimulator/Devices/73498900-50E7-46F7-BA5C-E70B730AEDB4/data/Containers/Data/Application/95ECA37F-459D-4AD4-ACA7-E547F36BB06E/Documents/7f91c6fb-f458-4138-9222-90b2a81c831d.log
[DEBUG]  [ioslib] Executing: /Users/fuerst/Library/Application Support/Titanium/mobilesdk/osx/4.0.1.v20150529150210/node_modules/ioslib/lib/ios-sim "launch" "/Users/fuerst/Documents/Appcelerator_Studio_Workspace/Freifunker/build/iphone/build/Debug-iphonesimulator/Freifunker.app" "--verbose" "--xcode-dir" "/Applications/Xcode.app/Contents/Developer" "--udid" "73498900-50E7-46F7-BA5C-E70B730AEDB4" "--timeout" "180"
[DEBUG]  [ioslib] Executing: osascript "/Users/fuerst/Library/Application Support/Titanium/mobilesdk/osx/4.0.1.v20150529150210/node_modules/ioslib/lib/iphone_sim_activate.scpt" "/Applications/Xcode.app/Contents/Developer/Applications/iOS Simulator.app"
[DEBUG]  [ioslib] [ios-sim] [DEBUG] App Spec: <DTiPhoneSimulatorApplicationSpecifier 0x7feaa8605a20> specified by app path /Users/fuerst/Documents/Appcelerator_Studio_Workspace/Freifunker/build/iphone/build/Debug-iphonesimulator/Freifunker.app
[DEBUG]  [ioslib] [ios-sim] [DEBUG] SDK Root: <DTiPhoneSimulatorSystemRoot 0x7feaa87106c0> path=/Applications/Xcode.app/Contents/Developer/Platforms/iPhoneSimulator.platform/Developer/SDKs/iPhoneSimulator.sdk
[DEBUG]  [ioslib] [ios-sim] [DEBUG] Creating named pipe at `/var/folders/25/yvdn9h053sv3htdkzq8558k40000gn/T//ios-sim-stderr-pipe-1436001993'
[DEBUG]  [ioslib] [ios-sim] [DEBUG] Creating named pipe at `/var/folders/25/yvdn9h053sv3htdkzq8558k40000gn/T//ios-sim-stdout-pipe-1436001993'
[DEBUG]  [ioslib] [ios-sim] [DEBUG] using device family iphone
[DEBUG]  [ioslib] [ios-sim] [DEBUG] Comparing 94277A02-286D-4AFD-9149-C45FFA0338CD == 73498900-50E7-46F7-BA5C-E70B730AEDB4
[DEBUG]  [ioslib] [ios-sim] [DEBUG] Comparing FA695E17-84A5-426D-801A-B70B1A2A2EB1 == 73498900-50E7-46F7-BA5C-E70B730AEDB4
[DEBUG]  [ioslib] [ios-sim] [DEBUG] Comparing 521598E3-5066-468D-9D9C-98466B37CAF2 == 73498900-50E7-46F7-BA5C-E70B730AEDB4
[DEBUG]  [ioslib] [ios-sim] [DEBUG] Comparing 71835DA7-A71B-4CD1-B34E-404A8394198A == 73498900-50E7-46F7-BA5C-E70B730AEDB4
[DEBUG]  [ioslib] [ios-sim] [DEBUG] Comparing 73498900-50E7-46F7-BA5C-E70B730AEDB4 == 73498900-50E7-46F7-BA5C-E70B730AEDB4
[DEBUG]  [ioslib] [ios-sim] [DEBUG] set device to : iPhone 6
[DEBUG]  [ioslib] [ios-sim] [DEBUG] Session started
[DEBUG]  [ioslib] Found application log file: /Users/fuerst/Library/Developer/CoreSimulator/Devices/73498900-50E7-46F7-BA5C-E70B730AEDB4/data/Containers/Data/Application/BD13A6E3-2880-4714-ADAD-6C68520A5A65/Documents/7f91c6fb-f458-4138-9222-90b2a81c831d.log
[INFO]   Project built successfully in 7s 64ms
